<?xml version="1.0" encoding="UTF-8"?>
<!-- Generated by org.testng.reporters.JUnitReportReporter -->
<testsuite hostname="VISHALTS" failures="0" tests="6" name="files.DyanmicJson" time="2.967" errors="0" timestamp="2024-06-22T22:54:28 IST" skipped="0">
  <testcase classname="files.DyanmicJson" name="addBook" time="2.189"/>
  <system-out/>
  <testcase classname="files.DyanmicJson" name="deleteBook" time="0.142"/>
  <system-out/>
  <testcase classname="files.DyanmicJson" name="addBook" time="0.184"/>
  <system-out/>
  <testcase classname="files.DyanmicJson" name="addBook" time="0.151"/>
  <system-out/>
  <testcase classname="files.DyanmicJson" name="deleteBook" time="0.125"/>
  <system-out/>
  <testcase classname="files.DyanmicJson" name="deleteBook" time="0.176"/>
  <system-out/>
</testsuite> <!-- files.DyanmicJson -->
