<?xml version="1.0" encoding="UTF-8"?>
<!-- Generated by org.testng.reporters.JUnitReportReporter -->
<testsuite hostname="VISHALTS" failures="0" tests="1" name="files.SumValidation" time="1.460" errors="0" timestamp="2024-06-16T03:00:37 IST" skipped="0">
  <testcase classname="files.SumValidation" name="sumOfCourses" time="1.460"/>
  <system-out/>
</testsuite> <!-- files.SumValidation -->
